<?xml version="1.0" encoding="UTF-8"?>
<!-- Generated by org.testng.reporters.JUnitReportReporter -->
<testsuite skipped="0" hostname="PRO-LP131" name="com.seleniumtaf.test.RegressionTest" tests="4" failures="0" timestamp="12 Apr 2019 06:04:44 GMT" time="22.809" errors="0">
  <testcase name="validateSearchFilter" time="2.707" classname="com.seleniumtaf.test.RegressionTest"/>
  <testcase name="validateComputerIsAdded" time="3.284" classname="com.seleniumtaf.test.RegressionTest"/>
  <testcase name="validateComputerIsDeleted" time="1.775" classname="com.seleniumtaf.test.RegressionTest"/>
  <testcase name="validateComputerIsEdited" time="15.043" classname="com.seleniumtaf.test.RegressionTest"/>
</testsuite> <!-- com.seleniumtaf.test.RegressionTest -->
