<?xml version="1.0" encoding="UTF-8"?>
<!-- Generated by org.testng.reporters.JUnitReportReporter -->
<testsuite skipped="0" hostname="PRO-LP131" name="com.seleniumtaf.test.TestClass" tests="1" failures="0" timestamp="11 Apr 2019 08:30:32 GMT" time="2.188" errors="0">
  <testcase name="validateSearchFilter" time="2.188" classname="com.seleniumtaf.test.TestClass"/>
</testsuite> <!-- com.seleniumtaf.test.TestClass -->
